This is pdfTeX, Version 3.141592653-2.6-1.40.25 (MiKTeX 24.1) (preloaded format=pdflatex 2025.3.30)  5 MAY 2025 16:00
entering extended mode
 restricted \write18 enabled.
 %&-line parsing enabled.
**./rapport.tex
(rapport.tex
LaTeX2e <2023-11-01> patch level 1
L3 programming layer <2024-01-04>
(C:\Users\PC\AppData\Local\Programs\MiKTeX\tex/latex/base\article.cls
Document Class: article 2023/05/17 v1.4n Standard LaTeX document class
(C:\Users\PC\AppData\Local\Programs\MiKTeX\tex/latex/base\size12.clo
File: size12.clo 2023/05/17 v1.4n Standard LaTeX file (size option)
)
\c@part=\count187
\c@section=\count188
\c@subsection=\count189
\c@subsubsection=\count190
\c@paragraph=\count191
\c@subparagraph=\count192
\c@figure=\count193
\c@table=\count194
\abovecaptionskip=\skip48
\belowcaptionskip=\skip49
\bibindent=\dimen140
)
(C:\Users\PC\AppData\Local\Programs\MiKTeX\tex/latex/import\import.sty
Package: import 2020/04/01  v 6.2
)
(C:\Users\PC\AppData\Local\Programs\MiKTeX\tex/latex/enumitem\enumitem.sty
Package: enumitem 2025/02/06 v3.11 Customized lists
\enitkv@toks@=\toks17
\labelindent=\skip50
\enit@outerparindent=\dimen141
\enit@toks=\toks18
\enit@inbox=\box51
\enit@count@id=\count195
\enitdp@description=\count196
)
(C:\Users\PC\AppData\Local\Programs\MiKTeX\tex/latex/psnfss\pifont.sty
Package: pifont 2020/03/25 PSNFSS-v9.3 Pi font support (SPQR) 
LaTeX Font Info:    Trying to load font information for U+pzd on input line 63.


(C:\Users\PC\AppData\Local\Programs\MiKTeX\tex/latex/psnfss\upzd.fd
File: upzd.fd 2001/06/04 font definitions for U/pzd.
)
LaTeX Font Info:    Trying to load font information for U+psy on input line 64.


(C:\Users\PC\AppData\Local\Programs\MiKTeX\tex/latex/psnfss\upsy.fd
File: upsy.fd 2001/06/04 font definitions for U/psy.
))
(C:\Users\PC\AppData\Local\Programs\MiKTeX\tex/latex/stmaryrd\stmaryrd.sty
Package: stmaryrd 1994/03/03 St Mary's Road symbol package
\symstmry=\mathgroup4
LaTeX Font Info:    Overwriting symbol font `stmry' in version `bold'
(Font)                  U/stmry/m/n --> U/stmry/b/n on input line 89.
)
(C:\Users\PC\AppData\Local\Programs\MiKTeX\tex/latex/amsmath\amsmath.sty
Package: amsmath 2023/05/13 v2.17o AMS math features
\@mathmargin=\skip51

For additional information on amsmath, use the `?' option.
(C:\Users\PC\AppData\Local\Programs\MiKTeX\tex/latex/amsmath\amstext.sty
Package: amstext 2021/08/26 v2.01 AMS text

(C:\Users\PC\AppData\Local\Programs\MiKTeX\tex/latex/amsmath\amsgen.sty
File: amsgen.sty 1999/11/30 v2.0 generic functions
\@emptytoks=\toks19
\ex@=\dimen142
))
(C:\Users\PC\AppData\Local\Programs\MiKTeX\tex/latex/amsmath\amsbsy.sty
Package: amsbsy 1999/11/29 v1.2d Bold Symbols
\pmbraise@=\dimen143
)
(C:\Users\PC\AppData\Local\Programs\MiKTeX\tex/latex/amsmath\amsopn.sty
Package: amsopn 2022/04/08 v2.04 operator names
)
\inf@bad=\count197
LaTeX Info: Redefining \frac on input line 234.
\uproot@=\count198
\leftroot@=\count199
LaTeX Info: Redefining \overline on input line 399.
LaTeX Info: Redefining \colon on input line 410.
\classnum@=\count266
\DOTSCASE@=\count267
LaTeX Info: Redefining \ldots on input line 496.
LaTeX Info: Redefining \dots on input line 499.
LaTeX Info: Redefining \cdots on input line 620.
\Mathstrutbox@=\box52
\strutbox@=\box53
LaTeX Info: Redefining \big on input line 722.
LaTeX Info: Redefining \Big on input line 723.
LaTeX Info: Redefining \bigg on input line 724.
LaTeX Info: Redefining \Bigg on input line 725.
\big@size=\dimen144
LaTeX Font Info:    Redeclaring font encoding OML on input line 743.
LaTeX Font Info:    Redeclaring font encoding OMS on input line 744.
\macc@depth=\count268
LaTeX Info: Redefining \bmod on input line 905.
LaTeX Info: Redefining \pmod on input line 910.
LaTeX Info: Redefining \smash on input line 940.
LaTeX Info: Redefining \relbar on input line 970.
LaTeX Info: Redefining \Relbar on input line 971.
\c@MaxMatrixCols=\count269
\dotsspace@=\muskip16
\c@parentequation=\count270
\dspbrk@lvl=\count271
\tag@help=\toks20
\row@=\count272
\column@=\count273
\maxfields@=\count274
\andhelp@=\toks21
\eqnshift@=\dimen145
\alignsep@=\dimen146
\tagshift@=\dimen147
\tagwidth@=\dimen148
\totwidth@=\dimen149
\lineht@=\dimen150
\@envbody=\toks22
\multlinegap=\skip52
\multlinetaggap=\skip53
\mathdisplay@stack=\toks23
LaTeX Info: Redefining \[ on input line 2953.
LaTeX Info: Redefining \] on input line 2954.
)
(C:\Users\PC\AppData\Local\Programs\MiKTeX\tex/latex/amsfonts\amsfonts.sty
Package: amsfonts 2013/01/14 v3.01 Basic AMSFonts support
\symAMSa=\mathgroup5
\symAMSb=\mathgroup6
LaTeX Font Info:    Redeclaring math symbol \hbar on input line 98.
LaTeX Font Info:    Overwriting math alphabet `\mathfrak' in version `bold'
(Font)                  U/euf/m/n --> U/euf/b/n on input line 106.
)
(C:\Users\PC\AppData\Local\Programs\MiKTeX\tex/latex/amsfonts\amssymb.sty
Package: amssymb 2013/01/14 v3.01 AMS font symbols
LaTeX Font Info:    Redeclaring math symbol \boxdot on input line 44.
)
(C:\Users\PC\AppData\Local\Programs\MiKTeX\tex/latex/amscls\amsthm.sty
Package: amsthm 2020/05/29 v2.20.6
\thm@style=\toks24
\thm@bodyfont=\toks25
\thm@headfont=\toks26
\thm@notefont=\toks27
\thm@headpunct=\toks28
\thm@preskip=\skip54
\thm@postskip=\skip55
\thm@headsep=\skip56
\dth@everypar=\toks29
)
(C:\Users\PC\AppData\Local\Programs\MiKTeX\tex/latex/esint\esint.sty
Package: esint 
\symlargesymbolsA=\mathgroup7
)
(C:\Users\PC\AppData\Local\Programs\MiKTeX\tex/latex/tcolorbox\tcolorbox.sty
Package: tcolorbox 2024/01/10 version 6.2.0 text color boxes

(C:\Users\PC\AppData\Local\Programs\MiKTeX\tex/latex/pgf/basiclayer\pgf.sty
(C:\Users\PC\AppData\Local\Programs\MiKTeX\tex/latex/pgf/utilities\pgfrcs.sty
(C:\Users\PC\AppData\Local\Programs\MiKTeX\tex/generic/pgf/utilities\pgfutil-co
mmon.tex
\pgfutil@everybye=\toks30
\pgfutil@tempdima=\dimen151
\pgfutil@tempdimb=\dimen152
)
(C:\Users\PC\AppData\Local\Programs\MiKTeX\tex/generic/pgf/utilities\pgfutil-la
tex.def
\pgfutil@abb=\box54
)
(C:\Users\PC\AppData\Local\Programs\MiKTeX\tex/generic/pgf/utilities\pgfrcs.cod
e.tex
(C:\Users\PC\AppData\Local\Programs\MiKTeX\tex/generic/pgf\pgf.revision.tex)
Package: pgfrcs 2023-01-15 v3.1.10 (3.1.10)
))
Package: pgf 2023-01-15 v3.1.10 (3.1.10)

(C:\Users\PC\AppData\Local\Programs\MiKTeX\tex/latex/pgf/basiclayer\pgfcore.sty
(C:\Users\PC\AppData\Local\Programs\MiKTeX\tex/latex/graphics\graphicx.sty
Package: graphicx 2021/09/16 v1.2d Enhanced LaTeX Graphics (DPC,SPQR)

(C:\Users\PC\AppData\Local\Programs\MiKTeX\tex/latex/graphics\keyval.sty
Package: keyval 2022/05/29 v1.15 key=value parser (DPC)
\KV@toks@=\toks31
)
(C:\Users\PC\AppData\Local\Programs\MiKTeX\tex/latex/graphics\graphics.sty
Package: graphics 2022/03/10 v1.4e Standard LaTeX Graphics (DPC,SPQR)

(C:\Users\PC\AppData\Local\Programs\MiKTeX\tex/latex/graphics\trig.sty
Package: trig 2021/08/11 v1.11 sin cos tan (DPC)
)
(C:\Users\PC\AppData\Local\Programs\MiKTeX\tex/latex/graphics-cfg\graphics.cfg
File: graphics.cfg 2016/06/04 v1.11 sample graphics configuration
)
Package graphics Info: Driver file: pdftex.def on input line 107.
(C:\Users\PC\AppData\Local\Programs\MiKTeX\tex/latex/graphics-def\pdftex.def
File: pdftex.def 2022/09/22 v1.2b Graphics/color driver for pdftex
))
\Gin@req@height=\dimen153
\Gin@req@width=\dimen154
)
(C:\Users\PC\AppData\Local\Programs\MiKTeX\tex/latex/pgf/systemlayer\pgfsys.sty

(C:\Users\PC\AppData\Local\Programs\MiKTeX\tex/generic/pgf/systemlayer\pgfsys.c
ode.tex
Package: pgfsys 2023-01-15 v3.1.10 (3.1.10)

(C:\Users\PC\AppData\Local\Programs\MiKTeX\tex/generic/pgf/utilities\pgfkeys.co
de.tex
\pgfkeys@pathtoks=\toks32
\pgfkeys@temptoks=\toks33

(C:\Users\PC\AppData\Local\Programs\MiKTeX\tex/generic/pgf/utilities\pgfkeyslib
raryfiltered.code.tex
\pgfkeys@tmptoks=\toks34
))
\pgf@x=\dimen155
\pgf@y=\dimen156
\pgf@xa=\dimen157
\pgf@ya=\dimen158
\pgf@xb=\dimen159
\pgf@yb=\dimen160
\pgf@xc=\dimen161
\pgf@yc=\dimen162
\pgf@xd=\dimen163
\pgf@yd=\dimen164
\w@pgf@writea=\write3
\r@pgf@reada=\read2
\c@pgf@counta=\count275
\c@pgf@countb=\count276
\c@pgf@countc=\count277
\c@pgf@countd=\count278
\t@pgf@toka=\toks35
\t@pgf@tokb=\toks36
\t@pgf@tokc=\toks37
\pgf@sys@id@count=\count279

(C:\Users\PC\AppData\Local\Programs\MiKTeX\tex/generic/pgf/systemlayer\pgf.cfg
File: pgf.cfg 2023-01-15 v3.1.10 (3.1.10)
)
Driver file for pgf: pgfsys-pdftex.def

(C:\Users\PC\AppData\Local\Programs\MiKTeX\tex/generic/pgf/systemlayer\pgfsys-p
dftex.def
File: pgfsys-pdftex.def 2023-01-15 v3.1.10 (3.1.10)

(C:\Users\PC\AppData\Local\Programs\MiKTeX\tex/generic/pgf/systemlayer\pgfsys-c
ommon-pdf.def
File: pgfsys-common-pdf.def 2023-01-15 v3.1.10 (3.1.10)
)))
(C:\Users\PC\AppData\Local\Programs\MiKTeX\tex/generic/pgf/systemlayer\pgfsysso
ftpath.code.tex
File: pgfsyssoftpath.code.tex 2023-01-15 v3.1.10 (3.1.10)
\pgfsyssoftpath@smallbuffer@items=\count280
\pgfsyssoftpath@bigbuffer@items=\count281
)
(C:\Users\PC\AppData\Local\Programs\MiKTeX\tex/generic/pgf/systemlayer\pgfsyspr
otocol.code.tex
File: pgfsysprotocol.code.tex 2023-01-15 v3.1.10 (3.1.10)
))
(C:\Users\PC\AppData\Local\Programs\MiKTeX\tex/latex/xcolor\xcolor.sty
Package: xcolor 2023/11/15 v3.01 LaTeX color extensions (UK)

(C:\Users\PC\AppData\Local\Programs\MiKTeX\tex/latex/graphics-cfg\color.cfg
File: color.cfg 2016/01/02 v1.6 sample color configuration
)
Package xcolor Info: Driver file: pdftex.def on input line 274.

(C:\Users\PC\AppData\Local\Programs\MiKTeX\tex/latex/graphics\mathcolor.ltx)
Package xcolor Info: Model `cmy' substituted by `cmy0' on input line 1350.
Package xcolor Info: Model `hsb' substituted by `rgb' on input line 1354.
Package xcolor Info: Model `RGB' extended on input line 1366.
Package xcolor Info: Model `HTML' substituted by `rgb' on input line 1368.
Package xcolor Info: Model `Hsb' substituted by `hsb' on input line 1369.
Package xcolor Info: Model `tHsb' substituted by `hsb' on input line 1370.
Package xcolor Info: Model `HSB' substituted by `hsb' on input line 1371.
Package xcolor Info: Model `Gray' substituted by `gray' on input line 1372.
Package xcolor Info: Model `wave' substituted by `hsb' on input line 1373.
)
(C:\Users\PC\AppData\Local\Programs\MiKTeX\tex/generic/pgf/basiclayer\pgfcore.c
ode.tex
Package: pgfcore 2023-01-15 v3.1.10 (3.1.10)

(C:\Users\PC\AppData\Local\Programs\MiKTeX\tex/generic/pgf/math\pgfmath.code.te
x
(C:\Users\PC\AppData\Local\Programs\MiKTeX\tex/generic/pgf/math\pgfmathutil.cod
e.tex)
(C:\Users\PC\AppData\Local\Programs\MiKTeX\tex/generic/pgf/math\pgfmathparser.c
ode.tex
\pgfmath@dimen=\dimen165
\pgfmath@count=\count282
\pgfmath@box=\box55
\pgfmath@toks=\toks38
\pgfmath@stack@operand=\toks39
\pgfmath@stack@operation=\toks40
)
(C:\Users\PC\AppData\Local\Programs\MiKTeX\tex/generic/pgf/math\pgfmathfunction
s.code.tex)
(C:\Users\PC\AppData\Local\Programs\MiKTeX\tex/generic/pgf/math\pgfmathfunction
s.basic.code.tex)
(C:\Users\PC\AppData\Local\Programs\MiKTeX\tex/generic/pgf/math\pgfmathfunction
s.trigonometric.code.tex)
(C:\Users\PC\AppData\Local\Programs\MiKTeX\tex/generic/pgf/math\pgfmathfunction
s.random.code.tex)
(C:\Users\PC\AppData\Local\Programs\MiKTeX\tex/generic/pgf/math\pgfmathfunction
s.comparison.code.tex)
(C:\Users\PC\AppData\Local\Programs\MiKTeX\tex/generic/pgf/math\pgfmathfunction
s.base.code.tex)
(C:\Users\PC\AppData\Local\Programs\MiKTeX\tex/generic/pgf/math\pgfmathfunction
s.round.code.tex)
(C:\Users\PC\AppData\Local\Programs\MiKTeX\tex/generic/pgf/math\pgfmathfunction
s.misc.code.tex)
(C:\Users\PC\AppData\Local\Programs\MiKTeX\tex/generic/pgf/math\pgfmathfunction
s.integerarithmetics.code.tex)
(C:\Users\PC\AppData\Local\Programs\MiKTeX\tex/generic/pgf/math\pgfmathcalc.cod
e.tex)
(C:\Users\PC\AppData\Local\Programs\MiKTeX\tex/generic/pgf/math\pgfmathfloat.co
de.tex
\c@pgfmathroundto@lastzeros=\count283
))
(C:\Users\PC\AppData\Local\Programs\MiKTeX\tex/generic/pgf/math\pgfint.code.tex
)
(C:\Users\PC\AppData\Local\Programs\MiKTeX\tex/generic/pgf/basiclayer\pgfcorepo
ints.code.tex
File: pgfcorepoints.code.tex 2023-01-15 v3.1.10 (3.1.10)
\pgf@picminx=\dimen166
\pgf@picmaxx=\dimen167
\pgf@picminy=\dimen168
\pgf@picmaxy=\dimen169
\pgf@pathminx=\dimen170
\pgf@pathmaxx=\dimen171
\pgf@pathminy=\dimen172
\pgf@pathmaxy=\dimen173
\pgf@xx=\dimen174
\pgf@xy=\dimen175
\pgf@yx=\dimen176
\pgf@yy=\dimen177
\pgf@zx=\dimen178
\pgf@zy=\dimen179
)
(C:\Users\PC\AppData\Local\Programs\MiKTeX\tex/generic/pgf/basiclayer\pgfcorepa
thconstruct.code.tex
File: pgfcorepathconstruct.code.tex 2023-01-15 v3.1.10 (3.1.10)
\pgf@path@lastx=\dimen180
\pgf@path@lasty=\dimen181
)
(C:\Users\PC\AppData\Local\Programs\MiKTeX\tex/generic/pgf/basiclayer\pgfcorepa
thusage.code.tex
File: pgfcorepathusage.code.tex 2023-01-15 v3.1.10 (3.1.10)
\pgf@shorten@end@additional=\dimen182
\pgf@shorten@start@additional=\dimen183
)
(C:\Users\PC\AppData\Local\Programs\MiKTeX\tex/generic/pgf/basiclayer\pgfcoresc
opes.code.tex
File: pgfcorescopes.code.tex 2023-01-15 v3.1.10 (3.1.10)
\pgfpic=\box56
\pgf@hbox=\box57
\pgf@layerbox@main=\box58
\pgf@picture@serial@count=\count284
)
(C:\Users\PC\AppData\Local\Programs\MiKTeX\tex/generic/pgf/basiclayer\pgfcoregr
aphicstate.code.tex
File: pgfcoregraphicstate.code.tex 2023-01-15 v3.1.10 (3.1.10)
\pgflinewidth=\dimen184
)
(C:\Users\PC\AppData\Local\Programs\MiKTeX\tex/generic/pgf/basiclayer\pgfcoretr
ansformations.code.tex
File: pgfcoretransformations.code.tex 2023-01-15 v3.1.10 (3.1.10)
\pgf@pt@x=\dimen185
\pgf@pt@y=\dimen186
\pgf@pt@temp=\dimen187
)
(C:\Users\PC\AppData\Local\Programs\MiKTeX\tex/generic/pgf/basiclayer\pgfcorequ
ick.code.tex
File: pgfcorequick.code.tex 2023-01-15 v3.1.10 (3.1.10)
)
(C:\Users\PC\AppData\Local\Programs\MiKTeX\tex/generic/pgf/basiclayer\pgfcoreob
jects.code.tex
File: pgfcoreobjects.code.tex 2023-01-15 v3.1.10 (3.1.10)
)
(C:\Users\PC\AppData\Local\Programs\MiKTeX\tex/generic/pgf/basiclayer\pgfcorepa
thprocessing.code.tex
File: pgfcorepathprocessing.code.tex 2023-01-15 v3.1.10 (3.1.10)
)
(C:\Users\PC\AppData\Local\Programs\MiKTeX\tex/generic/pgf/basiclayer\pgfcorear
rows.code.tex
File: pgfcorearrows.code.tex 2023-01-15 v3.1.10 (3.1.10)
\pgfarrowsep=\dimen188
)
(C:\Users\PC\AppData\Local\Programs\MiKTeX\tex/generic/pgf/basiclayer\pgfcoresh
ade.code.tex
File: pgfcoreshade.code.tex 2023-01-15 v3.1.10 (3.1.10)
\pgf@max=\dimen189
\pgf@sys@shading@range@num=\count285
\pgf@shadingcount=\count286
)
(C:\Users\PC\AppData\Local\Programs\MiKTeX\tex/generic/pgf/basiclayer\pgfcoreim
age.code.tex
File: pgfcoreimage.code.tex 2023-01-15 v3.1.10 (3.1.10)
)
(C:\Users\PC\AppData\Local\Programs\MiKTeX\tex/generic/pgf/basiclayer\pgfcoreex
ternal.code.tex
File: pgfcoreexternal.code.tex 2023-01-15 v3.1.10 (3.1.10)
\pgfexternal@startupbox=\box59
)
(C:\Users\PC\AppData\Local\Programs\MiKTeX\tex/generic/pgf/basiclayer\pgfcorela
yers.code.tex
File: pgfcorelayers.code.tex 2023-01-15 v3.1.10 (3.1.10)
)
(C:\Users\PC\AppData\Local\Programs\MiKTeX\tex/generic/pgf/basiclayer\pgfcoretr
ansparency.code.tex
File: pgfcoretransparency.code.tex 2023-01-15 v3.1.10 (3.1.10)
)
(C:\Users\PC\AppData\Local\Programs\MiKTeX\tex/generic/pgf/basiclayer\pgfcorepa
tterns.code.tex
File: pgfcorepatterns.code.tex 2023-01-15 v3.1.10 (3.1.10)
)
(C:\Users\PC\AppData\Local\Programs\MiKTeX\tex/generic/pgf/basiclayer\pgfcorerd
f.code.tex
File: pgfcorerdf.code.tex 2023-01-15 v3.1.10 (3.1.10)
)))
(C:\Users\PC\AppData\Local\Programs\MiKTeX\tex/generic/pgf/modules\pgfmodulesha
pes.code.tex
File: pgfmoduleshapes.code.tex 2023-01-15 v3.1.10 (3.1.10)
\pgfnodeparttextbox=\box60
)
(C:\Users\PC\AppData\Local\Programs\MiKTeX\tex/generic/pgf/modules\pgfmoduleplo
t.code.tex
File: pgfmoduleplot.code.tex 2023-01-15 v3.1.10 (3.1.10)
)
(C:\Users\PC\AppData\Local\Programs\MiKTeX\tex/latex/pgf/compatibility\pgfcomp-
version-0-65.sty
Package: pgfcomp-version-0-65 2023-01-15 v3.1.10 (3.1.10)
\pgf@nodesepstart=\dimen190
\pgf@nodesepend=\dimen191
)
(C:\Users\PC\AppData\Local\Programs\MiKTeX\tex/latex/pgf/compatibility\pgfcomp-
version-1-18.sty
Package: pgfcomp-version-1-18 2023-01-15 v3.1.10 (3.1.10)
))
(C:\Users\PC\AppData\Local\Programs\MiKTeX\tex/latex/tools\verbatim.sty
Package: verbatim 2023-11-06 v1.5v LaTeX2e package for verbatim enhancements
\every@verbatim=\toks41
\verbatim@line=\toks42
\verbatim@in@stream=\read3
)
(C:\Users\PC\AppData\Local\Programs\MiKTeX\tex/latex/environ\environ.sty
Package: environ 2014/05/04 v0.3 A new way to define environments

(C:\Users\PC\AppData\Local\Programs\MiKTeX\tex/latex/trimspaces\trimspaces.sty
Package: trimspaces 2009/09/17 v1.1 Trim spaces around a token list
)) (C:\Users\PC\AppData\Local\Programs\MiKTeX\tex/latex/etoolbox\etoolbox.sty
Package: etoolbox 2020/10/05 v2.5k e-TeX tools for LaTeX (JAW)
\etb@tempcnta=\count287
)
\tcb@titlebox=\box61
\tcb@upperbox=\box62
\tcb@lowerbox=\box63
\tcb@phantombox=\box64
\c@tcbbreakpart=\count288
\c@tcblayer=\count289
\c@tcolorbox@number=\count290
\l__tcobox_tmpa_box=\box65
\l__tcobox_tmpa_dim=\dimen192
\tcb@temp=\box66
\tcb@temp=\box67
\tcb@temp=\box68
\tcb@temp=\box69

(C:\Users\PC\AppData\Local\Programs\MiKTeX\tex/latex/tcolorbox\tcbraster.code.t
ex
Library (tcolorbox): 'tcbraster.code.tex' version '6.2.0'
\c@tcbrastercolumn=\count291
\c@tcbrasterrow=\count292
\c@tcbrasternum=\count293
\c@tcbraster=\count294
)
(C:\Users\PC\AppData\Local\Programs\MiKTeX\tex/latex/tcolorbox\tcbskins.code.te
x
Library (tcolorbox): 'tcbskins.code.tex' version '6.2.0'

(C:\Users\PC\AppData\Local\Programs\MiKTeX\tex/latex/pgf/frontendlayer\tikz.sty
(C:\Users\PC\AppData\Local\Programs\MiKTeX\tex/latex/pgf/utilities\pgffor.sty
(C:\Users\PC\AppData\Local\Programs\MiKTeX\tex/latex/pgf/utilities\pgfkeys.sty
(C:\Users\PC\AppData\Local\Programs\MiKTeX\tex/generic/pgf/utilities\pgfkeys.co
de.tex))
(C:\Users\PC\AppData\Local\Programs\MiKTeX\tex/latex/pgf/math\pgfmath.sty
(C:\Users\PC\AppData\Local\Programs\MiKTeX\tex/generic/pgf/math\pgfmath.code.te
x))
(C:\Users\PC\AppData\Local\Programs\MiKTeX\tex/generic/pgf/utilities\pgffor.cod
e.tex
Package: pgffor 2023-01-15 v3.1.10 (3.1.10)
\pgffor@iter=\dimen193
\pgffor@skip=\dimen194
\pgffor@stack=\toks43
\pgffor@toks=\toks44
))
(C:\Users\PC\AppData\Local\Programs\MiKTeX\tex/generic/pgf/frontendlayer/tikz\t
ikz.code.tex
Package: tikz 2023-01-15 v3.1.10 (3.1.10)

(C:\Users\PC\AppData\Local\Programs\MiKTeX\tex/generic/pgf/libraries\pgflibrary
plothandlers.code.tex
File: pgflibraryplothandlers.code.tex 2023-01-15 v3.1.10 (3.1.10)
\pgf@plot@mark@count=\count295
\pgfplotmarksize=\dimen195
)
\tikz@lastx=\dimen196
\tikz@lasty=\dimen197
\tikz@lastxsaved=\dimen198
\tikz@lastysaved=\dimen199
\tikz@lastmovetox=\dimen256
\tikz@lastmovetoy=\dimen257
\tikzleveldistance=\dimen258
\tikzsiblingdistance=\dimen259
\tikz@figbox=\box70
\tikz@figbox@bg=\box71
\tikz@tempbox=\box72
\tikz@tempbox@bg=\box73
\tikztreelevel=\count296
\tikznumberofchildren=\count297
\tikznumberofcurrentchild=\count298
\tikz@fig@count=\count299

(C:\Users\PC\AppData\Local\Programs\MiKTeX\tex/generic/pgf/modules\pgfmodulemat
rix.code.tex
File: pgfmodulematrix.code.tex 2023-01-15 v3.1.10 (3.1.10)
\pgfmatrixcurrentrow=\count300
\pgfmatrixcurrentcolumn=\count301
\pgf@matrix@numberofcolumns=\count302
)
\tikz@expandcount=\count303

(C:\Users\PC\AppData\Local\Programs\MiKTeX\tex/generic/pgf/frontendlayer/tikz/l
ibraries\tikzlibrarytopaths.code.tex
File: tikzlibrarytopaths.code.tex 2023-01-15 v3.1.10 (3.1.10)
)))
(C:\Users\PC\AppData\Local\Programs\MiKTeX\tex/latex/tikzfill\tikzfill.image.st
y
Package: tikzfill.image 2023/08/08 v1.0.1 Image filling library for TikZ

(C:\Users\PC\AppData\Local\Programs\MiKTeX\tex/latex/tikzfill\tikzfill-common.s
ty
Package: tikzfill-common 2023/08/08 v1.0.1 Auxiliary code for tikzfill
)
(C:\Users\PC\AppData\Local\Programs\MiKTeX\tex/latex/tikzfill\tikzlibraryfill.i
mage.code.tex
File: tikzlibraryfill.image.code.tex 2023/08/08 v1.0.1 Image filling library
\l__tikzfill_img_box=\box74
))
(C:\Users\PC\AppData\Local\Programs\MiKTeX\tex/latex/tcolorbox\tcbskinsjigsaw.c
ode.tex
Library (tcolorbox): 'tcbskinsjigsaw.code.tex' version '6.2.0'
))
(C:\Users\PC\AppData\Local\Programs\MiKTeX\tex/latex/tcolorbox\tcbbreakable.cod
e.tex
Library (tcolorbox): 'tcbbreakable.code.tex' version '6.2.0'
(C:\Users\PC\AppData\Local\Programs\MiKTeX\tex/latex/pdfcol\pdfcol.sty
Package: pdfcol 2022-09-21 v1.7 Handle new color stacks for pdfTeX (HO)

(C:\Users\PC\AppData\Local\Programs\MiKTeX\tex/generic/ltxcmds\ltxcmds.sty
Package: ltxcmds 2023-12-04 v1.26 LaTeX kernel commands for general use (HO)
)
(C:\Users\PC\AppData\Local\Programs\MiKTeX\tex/generic/infwarerr\infwarerr.sty
Package: infwarerr 2019/12/03 v1.5 Providing info/warning/error messages (HO)
) (C:\Users\PC\AppData\Local\Programs\MiKTeX\tex/generic/iftex\iftex.sty
Package: iftex 2022/02/03 v1.0f TeX engine tests
))
Package pdfcol Info: New color stack `tcb@breakable' = 1 on input line 23.
\tcb@testbox=\box75
\tcb@totalupperbox=\box76
\tcb@totallowerbox=\box77
)
(C:\Users\PC\AppData\Local\Programs\MiKTeX\tex/latex/tcolorbox\tcbhooks.code.te
x
Library (tcolorbox): 'tcbhooks.code.tex' version '6.2.0'
)
(C:\Users\PC\AppData\Local\Programs\MiKTeX\tex/latex/tcolorbox\tcbtheorems.code
.tex
Library (tcolorbox): 'tcbtheorems.code.tex' version '6.2.0'
)
(C:\Users\PC\AppData\Local\Programs\MiKTeX\tex/latex/tcolorbox\tcbfitting.code.
tex
Library (tcolorbox): 'tcbfitting.code.tex' version '6.2.0'
\tcbfitdim=\dimen260
\tcb@lowerfitdim=\dimen261
\tcb@upperfitdim=\dimen262
\tcb@cur@hbadness=\count304
)
(C:\Users\PC\AppData\Local\Programs\MiKTeX\tex/latex/tcolorbox\tcblistingsutf8.
code.tex
Library (tcolorbox): 'tcblistingsutf8.code.tex' version '6.2.0'

(C:\Users\PC\AppData\Local\Programs\MiKTeX\tex/latex/tcolorbox\tcblistings.code
.tex
Library (tcolorbox): 'tcblistings.code.tex' version '6.2.0'
(C:\Users\PC\AppData\Local\Programs\MiKTeX\tex/latex/listings\listings.sty
\lst@mode=\count305
\lst@gtempboxa=\box78
\lst@token=\toks45
\lst@length=\count306
\lst@currlwidth=\dimen263
\lst@column=\count307
\lst@pos=\count308
\lst@lostspace=\dimen264
\lst@width=\dimen265
\lst@newlines=\count309
\lst@lineno=\count310
\lst@maxwidth=\dimen266

(C:\Users\PC\AppData\Local\Programs\MiKTeX\tex/latex/listings\lstmisc.sty
File: lstmisc.sty 2023/02/27 1.9 (Carsten Heinz)
\c@lstnumber=\count311
\lst@skipnumbers=\count312
\lst@framebox=\box79
)
(C:\Users\PC\AppData\Local\Programs\MiKTeX\tex/latex/listings\listings.cfg
File: listings.cfg 2023/02/27 1.9 listings configuration
))
Package: listings 2023/02/27 1.9 (Carsten Heinz)

(C:\Users\PC\AppData\Local\Programs\MiKTeX\tex/latex/tcolorbox\tcblistingscore.
code.tex
Library (tcolorbox): 'tcblistingscore.code.tex' version '6.2.0'

(C:\Users\PC\AppData\Local\Programs\MiKTeX\tex/latex/tcolorbox\tcbprocessing.co
de.tex
Library (tcolorbox): 'tcbprocessing.code.tex' version '6.2.0'
)
\c@tcblisting=\count313
))
(C:\Users\PC\AppData\Local\Programs\MiKTeX\tex/latex/listingsutf8\listingsutf8.
sty
Package: listingsutf8 2019-12-10 v1.5 Allow UTF-8 in listings input (HO)

(C:\Users\PC\AppData\Local\Programs\MiKTeX\tex/generic/pdftexcmds\pdftexcmds.st
y
Package: pdftexcmds 2020-06-27 v0.33 Utility functions of pdfTeX for LuaTeX (HO
)
Package pdftexcmds Info: \pdf@primitive is available.
Package pdftexcmds Info: \pdf@ifprimitive is available.
Package pdftexcmds Info: \pdfdraftmode found.
)
(C:\Users\PC\AppData\Local\Programs\MiKTeX\tex/generic/stringenc\stringenc.sty
Package: stringenc 2019/11/29 v1.12 Convert strings between diff. encodings (HO
)

(C:\Users\PC\AppData\Local\Programs\MiKTeX\tex/generic/pdfescape\pdfescape.sty
Package: pdfescape 2019/12/09 v1.15 Implements pdfTeX's escape features (HO)
))))
(C:\Users\PC\AppData\Local\Programs\MiKTeX\tex/latex/tcolorbox\tcbexternal.code
.tex
Library (tcolorbox): 'tcbexternal.code.tex' version '6.2.0'
)
(C:\Users\PC\AppData\Local\Programs\MiKTeX\tex/latex/tcolorbox\tcbmagazine.code
.tex
Library (tcolorbox): 'tcbmagazine.code.tex' version '6.2.0'
)
(C:\Users\PC\AppData\Local\Programs\MiKTeX\tex/latex/tcolorbox\tcbvignette.code
.tex
Library (tcolorbox): 'tcbvignette.code.tex' version '6.2.0'

(C:\Users\PC\AppData\Local\Programs\MiKTeX\tex/generic/pgf/frontendlayer/tikz/l
ibraries\tikzlibraryfadings.code.tex
File: tikzlibraryfadings.code.tex 2023-01-15 v3.1.10 (3.1.10)

(C:\Users\PC\AppData\Local\Programs\MiKTeX\tex/generic/pgf/libraries\pgflibrary
fadings.code.tex
File: pgflibraryfadings.code.tex 2023-01-15 v3.1.10 (3.1.10)
)))
(C:\Users\PC\AppData\Local\Programs\MiKTeX\tex/latex/tcolorbox\tcbposter.code.t
ex
Library (tcolorbox): 'tcbposter.code.tex' version '6.2.0'
)) (C:\Users\PC\AppData\Local\Programs\MiKTeX\tex/latex/units\nicefrac.sty
Package: nicefrac 1998/08/04 v0.9b Nice fractions
\L@UnitsRaiseDisplaystyle=\skip57
\L@UnitsRaiseTextstyle=\skip58
\L@UnitsRaiseScriptstyle=\skip59

(C:\Users\PC\AppData\Local\Programs\MiKTeX\tex/latex/base\ifthen.sty
Package: ifthen 2022/04/13 v1.1d Standard LaTeX ifthen package (DPC)
))
(C:\Users\PC\AppData\Local\Programs\MiKTeX\tex/latex/mathtools\mathtools.sty
Package: mathtools 2024/10/04 v1.31 mathematical typesetting tools

(C:\Users\PC\AppData\Local\Programs\MiKTeX\tex/latex/tools\calc.sty
Package: calc 2023/07/08 v4.3 Infix arithmetic (KKT,FJ)
\calc@Acount=\count314
\calc@Bcount=\count315
\calc@Adimen=\dimen267
\calc@Bdimen=\dimen268
\calc@Askip=\skip60
\calc@Bskip=\skip61
LaTeX Info: Redefining \setlength on input line 80.
LaTeX Info: Redefining \addtolength on input line 81.
\calc@Ccount=\count316
\calc@Cskip=\skip62
)
(C:\Users\PC\AppData\Local\Programs\MiKTeX\tex/latex/mathtools\mhsetup.sty
Package: mhsetup 2021/03/18 v1.4 programming setup (MH)
)
\g_MT_multlinerow_int=\count317
\l_MT_multwidth_dim=\dimen269
\origjot=\skip63
\l_MT_shortvdotswithinadjustabove_dim=\dimen270
\l_MT_shortvdotswithinadjustbelow_dim=\dimen271
\l_MT_above_intertext_sep=\dimen272
\l_MT_below_intertext_sep=\dimen273
\l_MT_above_shortintertext_sep=\dimen274
\l_MT_below_shortintertext_sep=\dimen275
\xmathstrut@box=\box80
\xmathstrut@dim=\dimen276
)
(C:\Users\PC\AppData\Local\Programs\MiKTeX\tex/latex/awesomebox\awesomebox.sty
Package: awesomebox 2019/07/27 v0.6

(C:\Users\PC\AppData\Local\Programs\MiKTeX\tex/latex/fontawesome5\fontawesome5.
sty (C:\Users\PC\AppData\Local\Programs\MiKTeX\tex/latex/l3kernel\expl3.sty
Package: expl3 2024-01-04 L3 programming layer (loader) 

(C:\Users\PC\AppData\Local\Programs\MiKTeX\tex/latex/l3backend\l3backend-pdftex
.def
File: l3backend-pdftex.def 2024-01-04 L3 backend support: PDF output (pdfTeX)
\l__color_backend_stack_int=\count318
\l__pdf_internal_box=\box81
))
Package: fontawesome5 2022/05/02 v5.15.4 Font Awesome 5

(C:\Users\PC\AppData\Local\Programs\MiKTeX\tex/latex/l3packages/l3keys2e\l3keys
2e.sty
Package: l3keys2e 2023-10-10 LaTeX2e option processing using LaTeX3 keys
)
(C:\Users\PC\AppData\Local\Programs\MiKTeX\tex/latex/l3packages/xparse\xparse.s
ty
Package: xparse 2023-10-10 L3 Experimental document command parser
)
(C:\Users\PC\AppData\Local\Programs\MiKTeX\tex/latex/fontawesome5\fontawesome5-
generic-helper.sty
Package: fontawesome5-generic-helper 2022/05/02 v5.15.4 non-uTeX helper for fon
tawesome5

(C:\Users\PC\AppData\Local\Programs\MiKTeX\tex/latex/fontawesome5\fontawesome5-
mapping.def)))
\aweboxleftmargin=\skip64
\aweboxcontentwidth=\skip65
\aweboxvskip=\skip66
\aweboxsignraise=\skip67
\aweboxrulewidth=\skip68

(C:\Users\PC\AppData\Local\Programs\MiKTeX\tex/latex/tools\array.sty
Package: array 2023/10/16 v2.5g Tabular extension package (FMi)
\col@sep=\dimen277
\ar@mcellbox=\box82
\extrarowheight=\dimen278
\NC@list=\toks46
\extratabsurround=\skip69
\backup@length=\skip70
\ar@cellbox=\box83
)
\aweboxlinewidthvar=\skip71
\aweboxlinewidthref=\skip72
)
(C:\Users\PC\AppData\Local\Programs\MiKTeX\tex/latex/cancel\cancel.sty
Package: cancel 2013/04/12 v2.2 Cancel math terms
)
(C:\Users\PC\AppData\Local\Programs\MiKTeX\tex/latex/setspace\setspace.sty
Package: setspace 2022/12/04 v6.7b set line spacing
)
(C:\Users\PC\AppData\Local\Programs\MiKTeX\tex/latex/varwidth\varwidth.sty
Package: varwidth 2009/03/30 ver 0.92;  Variable-width minipages
\@vwid@box=\box84
\sift@deathcycles=\count319
\@vwid@loff=\dimen279
\@vwid@roff=\dimen280
)
(C:\Users\PC\AppData\Local\Programs\MiKTeX\tex/latex/jknappen\mathrsfs.sty
Package: mathrsfs 1996/01/01 Math RSFS package v1.0 (jk)
\symrsfs=\mathgroup8
)
(C:\Users\PC\AppData\Local\Programs\MiKTeX\tex/latex/float\float.sty
Package: float 2001/11/08 v1.3d Float enhancements (AL)
\c@float@type=\count320
\float@exts=\toks47
\float@box=\box85
\@float@everytoks=\toks48
\@floatcapt=\box86
)
(C:\Users\PC\AppData\Local\Programs\MiKTeX\tex/latex/wrapfig\wrapfig.sty
\wrapoverhang=\dimen281
\WF@size=\dimen282
\c@WF@wrappedlines=\count321
\WF@box=\box87
\WF@everypar=\toks49
Package: wrapfig 2003/01/31  v 3.6
)
(C:\Users\PC\AppData\Local\Programs\MiKTeX\tex/generic/babel\babel.sty
Package: babel 2024/01/07 v24.1 The Babel package
\babel@savecnt=\count322
\U@D=\dimen283
\l@unhyphenated=\language79

(C:\Users\PC\AppData\Local\Programs\MiKTeX\tex/generic/babel\txtbabel.def)
\bbl@readstream=\read4
\bbl@dirlevel=\count323

*************************************
* Local config file bblopts.cfg used
*
(C:\Users\PC\AppData\Local\Programs\MiKTeX\tex/latex/arabi\bblopts.cfg
File: bblopts.cfg 2005/09/08 v0.1 add Arabic and Farsi to "declared" options of
 babel
)
(C:\Users\PC\AppData\Local\Programs\MiKTeX\tex/generic/babel-french\frenchb.ldf
Language: frenchb 2024-07-25 v3.6c French support from the babel system

Package babel-french Warning: Option `frenchb' for Babel is *deprecated*,
(babel-french)                it might be removed sooner or later. Please
(babel-french)                use `french' instead; reported on input line 35.

(C:\Users\PC\AppData\Local\Programs\MiKTeX\tex/generic/babel-french\french.ldf
Language: french 2024-07-25 v3.6c French support from the babel system
Package babel Info: Hyphen rules for 'acadian' set to \l@french
(babel)             (\language22). Reported on input line 91.
Package babel Info: Hyphen rules for 'canadien' set to \l@french
(babel)             (\language22). Reported on input line 92.
\FB@stdchar=\count324
Package babel Info: Making : an active character on input line 421.
Package babel Info: Making ; an active character on input line 422.
Package babel Info: Making ! an active character on input line 423.
Package babel Info: Making ? an active character on input line 424.
\FBguill@level=\count325
\FBold@everypar=\toks50
\FB@Mht=\dimen284
\mc@charclass=\count326
\mc@charfam=\count327
\mc@charslot=\count328
\std@mcc=\count329
\dec@mcc=\count330
\FB@parskip=\dimen285
\listindentFB=\dimen286
\descindentFB=\dimen287
\labelindentFB=\dimen288
\labelwidthFB=\dimen289
\leftmarginFB=\dimen290
\parindentFFN=\dimen291
\FBfnindent=\dimen292
))) (C:\Users\PC\AppData\Local\Programs\MiKTeX\tex/latex/carlisle\scalefnt.sty)

(C:\Users\PC\AppData\Local\Programs\MiKTeX\tex/latex/geometry\geometry.sty
Package: geometry 2020/01/02 v5.9 Page Geometry

(C:\Users\PC\AppData\Local\Programs\MiKTeX\tex/generic/iftex\ifvtex.sty
Package: ifvtex 2019/10/25 v1.7 ifvtex legacy package. Use iftex instead.
)
\Gm@cnth=\count331
\Gm@cntv=\count332
\c@Gm@tempcnt=\count333
\Gm@bindingoffset=\dimen293
\Gm@wd@mp=\dimen294
\Gm@odd@mp=\dimen295
\Gm@even@mp=\dimen296
\Gm@layoutwidth=\dimen297
\Gm@layoutheight=\dimen298
\Gm@layouthoffset=\dimen299
\Gm@layoutvoffset=\dimen300
\Gm@dimlist=\toks51

(C:\Users\PC\AppData\Local\Programs\MiKTeX\tex/latex/geometry\geometry.cfg))
(C:\Users\PC\AppData\Local\Programs\MiKTeX\tex/latex/listings\lstlang1.sty
File: lstlang1.sty 2023/02/27 1.9 listings language file
)
\c@definition=\count334
\c@propriete=\count335
\c@theoreme=\count336
\c@exercice=\count337

(rapport.aux
(C:\Users\PC\AppData\Local\Programs\MiKTeX\tex/generic/babel/locale/fr\babel-fr
ench.tex
Package babel Info: Importing font and identification data for french
(babel)             from babel-fr.ini. Reported on input line 11.
))
\openout1 = `rapport.aux'.

LaTeX Font Info:    Checking defaults for OML/cmm/m/it on input line 128.
LaTeX Font Info:    ... okay on input line 128.
LaTeX Font Info:    Checking defaults for OMS/cmsy/m/n on input line 128.
LaTeX Font Info:    ... okay on input line 128.
LaTeX Font Info:    Checking defaults for OT1/cmr/m/n on input line 128.
LaTeX Font Info:    ... okay on input line 128.
LaTeX Font Info:    Checking defaults for T1/cmr/m/n on input line 128.
LaTeX Font Info:    ... okay on input line 128.
LaTeX Font Info:    Checking defaults for TS1/cmr/m/n on input line 128.
LaTeX Font Info:    ... okay on input line 128.
LaTeX Font Info:    Checking defaults for OMX/cmex/m/n on input line 128.
LaTeX Font Info:    ... okay on input line 128.
LaTeX Font Info:    Checking defaults for U/cmr/m/n on input line 128.
LaTeX Font Info:    ... okay on input line 128.

(C:\Users\PC\AppData\Local\Programs\MiKTeX\tex/context/base/mkii\supp-pdf.mkii
[Loading MPS to PDF converter (version 2006.09.02).]
\scratchcounter=\count338
\scratchdimen=\dimen301
\scratchbox=\box88
\nofMPsegments=\count339
\nofMParguments=\count340
\everyMPshowfont=\toks52
\MPscratchCnt=\count341
\MPscratchDim=\dimen302
\MPnumerator=\count342
\makeMPintoPDFobject=\count343
\everyMPtoPDFconversion=\toks53
)
(C:\Users\PC\AppData\Local\Programs\MiKTeX\tex/latex/epstopdf-pkg\epstopdf-base
.sty
Package: epstopdf-base 2020-01-24 v2.11 Base part for package epstopdf
Package epstopdf-base Info: Redefining graphics rule for `.eps' on input line 4
85.

(C:\Users\PC\AppData\Local\Programs\MiKTeX\tex/latex/00miktex\epstopdf-sys.cfg
File: epstopdf-sys.cfg 2021/03/18 v2.0 Configuration of epstopdf for MiKTeX
))
\c@lstlisting=\count344
 (C:\Users\PC\AppData\Local\Programs\MiKTeX\tex/latex/base\inputenc.sty
Package: inputenc 2021/02/14 v1.3d Input encoding file
\inpenc@prehook=\toks54
\inpenc@posthook=\toks55
)
LaTeX Info: Redefining \degres on input line 128.


Package french.ldf Warning: Please load the "listings" package
(french.ldf)                AFTER babel/french; reported on input line 128.

Package french.ldf Info: Setting StandardItemizeEnv=true for
(french.ldf)             compatibility with enumitem package,
(french.ldf)             reported on input line 128.
Package french.ldf Info: Setting StandardEnumerateEnv=true for
(french.ldf)             compatibility with enumitem package,
(french.ldf)             reported on input line 128.
LaTeX Info: Redefining \up on input line 128.

Package french.ldf Warning: OT1 encoding should not be used for French.
(french.ldf)                Add \usepackage[T1]{fontenc} to the preamble
(french.ldf)                of your document; reported on input line 128.

*geometry* driver: auto-detecting
*geometry* detected driver: pdftex
*geometry* verbose mode - [ preamble ] result:
* driver: pdftex
* paper: <default>
* layout: <same size as paper>
* layoutoffset:(h,v)=(0.0pt,0.0pt)
* modes: 
* h-part:(L,W,R)=(28.45274pt, 557.38951pt, 28.45274pt)
* v-part:(T,H,B)=(28.45274pt, 723.83812pt, 42.67912pt)
* \paperwidth=614.295pt
* \paperheight=794.96999pt
* \textwidth=557.38951pt
* \textheight=723.83812pt
* \oddsidemargin=-43.81725pt
* \evensidemargin=-43.81725pt
* \topmargin=-80.81725pt
* \headheight=12.0pt
* \headsep=25.0pt
* \topskip=12.0pt
* \footskip=30.0pt
* \marginparwidth=44.0pt
* \marginparsep=10.0pt
* \columnsep=10.0pt
* \skip\footins=10.8pt plus 4.0pt minus 2.0pt
* \hoffset=0.0pt
* \voffset=0.0pt
* \mag=1000
* \@twocolumnfalse
* \@twosidefalse
* \@mparswitchfalse
* \@reversemarginfalse
* (1in=72.27pt=25.4mm, 1cm=28.453pt)

LaTeX Font Info:    Trying to load font information for U+stmry on input line 1
29.
(C:\Users\PC\AppData\Local\Programs\MiKTeX\tex/latex/stmaryrd\ustmry.fd)
LaTeX Font Info:    Trying to load font information for U+msa on input line 129
.

(C:\Users\PC\AppData\Local\Programs\MiKTeX\tex/latex/amsfonts\umsa.fd
File: umsa.fd 2013/01/14 v3.01 AMS symbols A
)
LaTeX Font Info:    Trying to load font information for U+msb on input line 129
.

(C:\Users\PC\AppData\Local\Programs\MiKTeX\tex/latex/amsfonts\umsb.fd
File: umsb.fd 2013/01/14 v3.01 AMS symbols B
)
LaTeX Font Info:    Trying to load font information for U+esint on input line 1
29.

(C:\Users\PC\AppData\Local\Programs\MiKTeX\tex/latex/esint\uesint.fd
File: uesint.fd 
)
LaTeX Font Info:    Trying to load font information for U+rsfs on input line 12
9.

(C:\Users\PC\AppData\Local\Programs\MiKTeX\tex/latex/jknappen\ursfs.fd
File: ursfs.fd 1998/03/24 rsfs font definition file (jk)
)
<images/schema_puit_de_carbone.jpg, id=40, 531.9875pt x 421.575pt>
File: images/schema_puit_de_carbone.jpg Graphic file (type jpg)
<use images/schema_puit_de_carbone.jpg>
Package pdftex.def Info: images/schema_puit_de_carbone.jpg  used on input line 
132.
(pdftex.def)             Requested size: 334.4371pt x 265.034pt.
<images/logo_pns.png, id=41, 410.53375pt x 123.46124pt>
File: images/logo_pns.png Graphic file (type png)
<use images/logo_pns.png>
Package pdftex.def Info: images/logo_pns.png  used on input line 140.
(pdftex.def)             Requested size: 278.69475pt x 83.81311pt.

[1

{C:/Users/PC/AppData/Local/MiKTeX/fonts/map/pdftex/pdftex.map} <./images/schema
_puit_de_carbone.jpg> <./images/logo_pns.png>] (rapport.toc)
\tf@toc=\write4
\openout4 = `rapport.toc'.


Overfull \hbox (17.62482pt too wide) in paragraph at lines 145--146
[][] 
 []

[2] [3] [4] [5]

LaTeX Font Warning: Font shape `U/stmry/b/n' undefined
(Font)              using `U/stmry/m/n' instead on input line 389.

<images/solveur_solutions2.png, id=76, 462.528pt x 346.896pt>
File: images/solveur_solutions2.png Graphic file (type png)
<use images/solveur_solutions2.png>
Package pdftex.def Info: images/solveur_solutions2.png  used on input line 457.

(pdftex.def)             Requested size: 267.54457pt x 200.66519pt.
<images/Adams_Bashforth.png, id=78, 462.528pt x 346.896pt>
File: images/Adams_Bashforth.png Graphic file (type png)
<use images/Adams_Bashforth.png>
Package pdftex.def Info: images/Adams_Bashforth.png  used on input line 481.
(pdftex.def)             Requested size: 267.54457pt x 200.66519pt.
<images/Runge_Kutta_2.png, id=79, 462.528pt x 346.896pt>
File: images/Runge_Kutta_2.png Graphic file (type png)
<use images/Runge_Kutta_2.png>
Package pdftex.def Info: images/Runge_Kutta_2.png  used on input line 487.
(pdftex.def)             Requested size: 267.54457pt x 200.66519pt.
<images/Euler_Implicite.png, id=80, 462.528pt x 346.896pt>
File: images/Euler_Implicite.png Graphic file (type png)
<use images/Euler_Implicite.png>
Package pdftex.def Info: images/Euler_Implicite.png  used on input line 495.
(pdftex.def)             Requested size: 267.54457pt x 200.66519pt.
<images/Euler_Explicite.png, id=81, 462.528pt x 346.896pt>
File: images/Euler_Explicite.png Graphic file (type png)
<use images/Euler_Explicite.png>
Package pdftex.def Info: images/Euler_Explicite.png  used on input line 500.
(pdftex.def)             Requested size: 267.54457pt x 200.66519pt.
[6] [7 <./images/solveur_solutions2.png> <./images/Adams_Bashforth.png> <./imag
es/Runge_Kutta_2.png> <./images/Euler_Implicite.png> <./images/Euler_Explicite.
png>]
<images/stabilite_adams_bashforth.png, id=98, 462.528pt x 346.896pt>
File: images/stabilite_adams_bashforth.png Graphic file (type png)
<use images/stabilite_adams_bashforth.png>
Package pdftex.def Info: images/stabilite_adams_bashforth.png  used on input li
ne 530.
(pdftex.def)             Requested size: 250.82358pt x 188.12032pt.
<images/stabilite_runge_kutta.png, id=99, 462.528pt x 346.896pt>
File: images/stabilite_runge_kutta.png Graphic file (type png)
<use images/stabilite_runge_kutta.png>
Package pdftex.def Info: images/stabilite_runge_kutta.png  used on input line 5
35.
(pdftex.def)             Requested size: 250.82358pt x 188.12032pt.
<images/stabilite_euler_implicite.png, id=100, 462.528pt x 346.896pt>
File: images/stabilite_euler_implicite.png Graphic file (type png)
<use images/stabilite_euler_implicite.png>
Package pdftex.def Info: images/stabilite_euler_implicite.png  used on input li
ne 543.
(pdftex.def)             Requested size: 250.82358pt x 188.12032pt.
<images/stabilte_euler_explicite.png, id=101, 462.528pt x 346.896pt>
File: images/stabilte_euler_explicite.png Graphic file (type png)
<use images/stabilte_euler_explicite.png>
Package pdftex.def Info: images/stabilte_euler_explicite.png  used on input lin
e 548.
(pdftex.def)             Requested size: 250.82358pt x 188.12032pt.
 [8 <./images/stabilite_adams_bashforth.png> <./images/stabilite_runge_kutta.pn
g> <./images/stabilite_euler_implicite.png> <./images/stabilte_euler_explicite.
png>]
<images/alpha_var.png, id=110, 1110.0672pt x 544.9158pt>
File: images/alpha_var.png Graphic file (type png)
<use images/alpha_var.png>
Package pdftex.def Info: images/alpha_var.png  used on input line 581.
(pdftex.def)             Requested size: 501.64716pt x 246.24918pt.
<images/beta_var.png, id=111, 1110.0672pt x 544.9158pt>
File: images/beta_var.png Graphic file (type png)
<use images/beta_var.png>
Package pdftex.def Info: images/beta_var.png  used on input line 598.
(pdftex.def)             Requested size: 501.64716pt x 246.24918pt.
<images/delta_var.png, id=112, 1110.0672pt x 544.9158pt>
File: images/delta_var.png Graphic file (type png)
<use images/delta_var.png>
Package pdftex.def Info: images/delta_var.png  used on input line 617.
(pdftex.def)             Requested size: 557.38951pt x 273.61298pt.


LaTeX Warning: `h' float specifier changed to `ht'.

<images/gamma_var.png, id=113, 1110.0672pt x 544.9158pt>
File: images/gamma_var.png Graphic file (type png)
<use images/gamma_var.png>
Package pdftex.def Info: images/gamma_var.png  used on input line 631.
(pdftex.def)             Requested size: 557.38951pt x 273.61298pt.

LaTeX Warning: `h' float specifier changed to `ht'.

[9 <./images/alpha_var.png>] [10 <./images/beta_var.png>] [11 <./images/delta_v
ar.png> <./images/gamma_var.png>] (rapport.bbl) [12

] (rapport.aux)
 ***********
LaTeX2e <2023-11-01> patch level 1
L3 programming layer <2024-01-04>
 ***********


LaTeX Font Warning: Some font shapes were not available, defaults substituted.

 ) 
Here is how much of TeX's memory you used:
 28225 strings out of 474486
 600420 string characters out of 5745171
 1944542 words of memory out of 5000000
 50001 multiletter control sequences out of 15000+600000
 577779 words of font info for 120 fonts, out of 8000000 for 9000
 1141 hyphenation exceptions out of 8191
 101i,11n,107p,716b,428s stack positions out of 10000i,1000n,20000p,200000b,200000s
 <C:\Users\PC\AppData\Local\MiKTeX\fonts/pk/ljfour/jknappen/ec/dpi600\tcrm120
0.pk><C:/Users/PC/AppData/Local/Programs/MiKTeX/fonts/type1/public/amsfonts/cm/
cmbx10.pfb><C:/Users/PC/AppData/Local/Programs/MiKTeX/fonts/type1/public/amsfon
ts/cm/cmbx12.pfb><C:/Users/PC/AppData/Local/Programs/MiKTeX/fonts/type1/public/
amsfonts/cm/cmcsc10.pfb><C:/Users/PC/AppData/Local/Programs/MiKTeX/fonts/type1/
public/amsfonts/cm/cmex10.pfb><C:/Users/PC/AppData/Local/Programs/MiKTeX/fonts/
type1/public/amsfonts/cm/cmmi10.pfb><C:/Users/PC/AppData/Local/Programs/MiKTeX/
fonts/type1/public/amsfonts/cm/cmmi12.pfb><C:/Users/PC/AppData/Local/Programs/M
iKTeX/fonts/type1/public/amsfonts/cm/cmmi6.pfb><C:/Users/PC/AppData/Local/Progr
ams/MiKTeX/fonts/type1/public/amsfonts/cm/cmmi8.pfb><C:/Users/PC/AppData/Local/
Programs/MiKTeX/fonts/type1/public/amsfonts/cm/cmr10.pfb><C:/Users/PC/AppData/L
ocal/Programs/MiKTeX/fonts/type1/public/amsfonts/cm/cmr12.pfb><C:/Users/PC/AppD
ata/Local/Programs/MiKTeX/fonts/type1/public/amsfonts/cm/cmr17.pfb><C:/Users/PC
/AppData/Local/Programs/MiKTeX/fonts/type1/public/amsfonts/cm/cmr8.pfb><C:/User
s/PC/AppData/Local/Programs/MiKTeX/fonts/type1/public/amsfonts/cm/cmss12.pfb><C
:/Users/PC/AppData/Local/Programs/MiKTeX/fonts/type1/public/amsfonts/cm/cmsy10.
pfb><C:/Users/PC/AppData/Local/Programs/MiKTeX/fonts/type1/public/amsfonts/cm/c
msy6.pfb><C:/Users/PC/AppData/Local/Programs/MiKTeX/fonts/type1/public/amsfonts
/cm/cmsy8.pfb><C:/Users/PC/AppData/Local/Programs/MiKTeX/fonts/type1/public/ams
fonts/cm/cmti10.pfb><C:/Users/PC/AppData/Local/Programs/MiKTeX/fonts/type1/publ
ic/amsfonts/cm/cmti12.pfb><C:/Users/PC/AppData/Local/Programs/MiKTeX/fonts/type
1/public/amsfonts/cm/cmtt12.pfb><C:/Users/PC/AppData/Local/Programs/MiKTeX/font
s/type1/public/amsfonts/symbols/msbm10.pfb><C:/Users/PC/AppData/Local/Programs/
MiKTeX/fonts/type1/urw/zapfding/uzdr.pfb>
Output written on rapport.pdf (12 pages, 1015691 bytes).
PDF statistics:
 220 PDF objects out of 1000 (max. 8388607)
 0 named destinations out of 1000 (max. 500000)
 232 words of extra memory for PDF output out of 10000 (max. 10000000)

